2023-10-10 21:27:58,824 django.request ERROR    Internal Server Error: /
Traceback (most recent call last):
  File "/home/kayprogrammer/Documents/Projects/Django/socialnet-v2/env/lib/python3.11/site-packages/django/template/base.py", line 880, in _resolve_lookup
    current = current[bit]
              ~~~~~~~^^^^^
TypeError: 'TemplatesPanel' object is not subscriptable

During handling of the above exception, another exception occurred:

Traceback (most recent call last):
  File "/home/kayprogrammer/Documents/Projects/Django/socialnet-v2/env/lib/python3.11/site-packages/django/urls/base.py", line 71, in reverse
    extra, resolver = resolver.namespace_dict[ns]
                      ~~~~~~~~~~~~~~~~~~~~~~~^^^^
KeyError: 'djdt'

During handling of the above exception, another exception occurred:

Traceback (most recent call last):
  File "/home/kayprogrammer/Documents/Projects/Django/socialnet-v2/env/lib/python3.11/site-packages/django/core/handlers/exception.py", line 55, in inner
    response = get_response(request)
               ^^^^^^^^^^^^^^^^^^^^^
  File "/home/kayprogrammer/Documents/Projects/Django/socialnet-v2/env/lib/python3.11/site-packages/debug_toolbar/middleware.py", line 74, in __call__
    rendered = toolbar.render_toolbar()
               ^^^^^^^^^^^^^^^^^^^^^^^^
  File "/home/kayprogrammer/Documents/Projects/Django/socialnet-v2/env/lib/python3.11/site-packages/debug_toolbar/toolbar.py", line 82, in render_toolbar
    return render_to_string("debug_toolbar/base.html", context)
           ^^^^^^^^^^^^^^^^^^^^^^^^^^^^^^^^^^^^^^^^^^^^^^^^^^^^
  File "/home/kayprogrammer/Documents/Projects/Django/socialnet-v2/env/lib/python3.11/site-packages/django/template/loader.py", line 62, in render_to_string
    return template.render(context, request)
           ^^^^^^^^^^^^^^^^^^^^^^^^^^^^^^^^^
  File "/home/kayprogrammer/Documents/Projects/Django/socialnet-v2/env/lib/python3.11/site-packages/django/template/backends/django.py", line 61, in render
    return self.template.render(context)
           ^^^^^^^^^^^^^^^^^^^^^^^^^^^^^
  File "/home/kayprogrammer/Documents/Projects/Django/socialnet-v2/env/lib/python3.11/site-packages/django/template/base.py", line 175, in render
    return self._render(context)
           ^^^^^^^^^^^^^^^^^^^^^
  File "/home/kayprogrammer/Documents/Projects/Django/socialnet-v2/env/lib/python3.11/site-packages/django/test/utils.py", line 112, in instrumented_test_render
    return self.nodelist.render(context)
           ^^^^^^^^^^^^^^^^^^^^^^^^^^^^^
  File "/home/kayprogrammer/Documents/Projects/Django/socialnet-v2/env/lib/python3.11/site-packages/django/template/base.py", line 1005, in render
    return SafeString("".join([node.render_annotated(context) for node in self]))
                              ^^^^^^^^^^^^^^^^^^^^^^^^^^^^^^^^^^^^^^^^^^^^^^^^^
  File "/home/kayprogrammer/Documents/Projects/Django/socialnet-v2/env/lib/python3.11/site-packages/django/template/base.py", line 1005, in <listcomp>
    return SafeString("".join([node.render_annotated(context) for node in self]))
                               ^^^^^^^^^^^^^^^^^^^^^^^^^^^^^^
  File "/home/kayprogrammer/Documents/Projects/Django/socialnet-v2/env/lib/python3.11/site-packages/django/template/base.py", line 966, in render_annotated
    return self.render(context)
           ^^^^^^^^^^^^^^^^^^^^
  File "/home/kayprogrammer/Documents/Projects/Django/socialnet-v2/env/lib/python3.11/site-packages/django/template/defaulttags.py", line 238, in render
    nodelist.append(node.render_annotated(context))
                    ^^^^^^^^^^^^^^^^^^^^^^^^^^^^^^
  File "/home/kayprogrammer/Documents/Projects/Django/socialnet-v2/env/lib/python3.11/site-packages/django/template/base.py", line 966, in render_annotated
    return self.render(context)
           ^^^^^^^^^^^^^^^^^^^^
  File "/home/kayprogrammer/Documents/Projects/Django/socialnet-v2/env/lib/python3.11/site-packages/django/template/loader_tags.py", line 208, in render
    return template.render(context)
           ^^^^^^^^^^^^^^^^^^^^^^^^
  File "/home/kayprogrammer/Documents/Projects/Django/socialnet-v2/env/lib/python3.11/site-packages/django/template/base.py", line 177, in render
    return self._render(context)
           ^^^^^^^^^^^^^^^^^^^^^
  File "/home/kayprogrammer/Documents/Projects/Django/socialnet-v2/env/lib/python3.11/site-packages/django/test/utils.py", line 112, in instrumented_test_render
    return self.nodelist.render(context)
           ^^^^^^^^^^^^^^^^^^^^^^^^^^^^^
  File "/home/kayprogrammer/Documents/Projects/Django/socialnet-v2/env/lib/python3.11/site-packages/django/template/base.py", line 1005, in render
    return SafeString("".join([node.render_annotated(context) for node in self]))
                              ^^^^^^^^^^^^^^^^^^^^^^^^^^^^^^^^^^^^^^^^^^^^^^^^^
  File "/home/kayprogrammer/Documents/Projects/Django/socialnet-v2/env/lib/python3.11/site-packages/django/template/base.py", line 1005, in <listcomp>
    return SafeString("".join([node.render_annotated(context) for node in self]))
                               ^^^^^^^^^^^^^^^^^^^^^^^^^^^^^^
  File "/home/kayprogrammer/Documents/Projects/Django/socialnet-v2/env/lib/python3.11/site-packages/django/template/base.py", line 966, in render_annotated
    return self.render(context)
           ^^^^^^^^^^^^^^^^^^^^
  File "/home/kayprogrammer/Documents/Projects/Django/socialnet-v2/env/lib/python3.11/site-packages/django/template/defaulttags.py", line 321, in render
    return nodelist.render(context)
           ^^^^^^^^^^^^^^^^^^^^^^^^
  File "/home/kayprogrammer/Documents/Projects/Django/socialnet-v2/env/lib/python3.11/site-packages/django/template/base.py", line 1005, in render
    return SafeString("".join([node.render_annotated(context) for node in self]))
                              ^^^^^^^^^^^^^^^^^^^^^^^^^^^^^^^^^^^^^^^^^^^^^^^^^
  File "/home/kayprogrammer/Documents/Projects/Django/socialnet-v2/env/lib/python3.11/site-packages/django/template/base.py", line 1005, in <listcomp>
    return SafeString("".join([node.render_annotated(context) for node in self]))
                               ^^^^^^^^^^^^^^^^^^^^^^^^^^^^^^
  File "/home/kayprogrammer/Documents/Projects/Django/socialnet-v2/env/lib/python3.11/site-packages/django/template/base.py", line 966, in render_annotated
    return self.render(context)
           ^^^^^^^^^^^^^^^^^^^^
  File "/home/kayprogrammer/Documents/Projects/Django/socialnet-v2/env/lib/python3.11/site-packages/django/template/defaulttags.py", line 321, in render
    return nodelist.render(context)
           ^^^^^^^^^^^^^^^^^^^^^^^^
  File "/home/kayprogrammer/Documents/Projects/Django/socialnet-v2/env/lib/python3.11/site-packages/django/template/base.py", line 1005, in render
    return SafeString("".join([node.render_annotated(context) for node in self]))
                              ^^^^^^^^^^^^^^^^^^^^^^^^^^^^^^^^^^^^^^^^^^^^^^^^^
  File "/home/kayprogrammer/Documents/Projects/Django/socialnet-v2/env/lib/python3.11/site-packages/django/template/base.py", line 1005, in <listcomp>
    return SafeString("".join([node.render_annotated(context) for node in self]))
                               ^^^^^^^^^^^^^^^^^^^^^^^^^^^^^^
  File "/home/kayprogrammer/Documents/Projects/Django/socialnet-v2/env/lib/python3.11/site-packages/django/template/base.py", line 966, in render_annotated
    return self.render(context)
           ^^^^^^^^^^^^^^^^^^^^
  File "/home/kayprogrammer/Documents/Projects/Django/socialnet-v2/env/lib/python3.11/site-packages/django/template/base.py", line 1064, in render
    output = self.filter_expression.resolve(context)
             ^^^^^^^^^^^^^^^^^^^^^^^^^^^^^^^^^^^^^^^
  File "/home/kayprogrammer/Documents/Projects/Django/socialnet-v2/env/lib/python3.11/site-packages/django/template/base.py", line 715, in resolve
    obj = self.var.resolve(context)
          ^^^^^^^^^^^^^^^^^^^^^^^^^
  File "/home/kayprogrammer/Documents/Projects/Django/socialnet-v2/env/lib/python3.11/site-packages/django/template/base.py", line 847, in resolve
    value = self._resolve_lookup(context)
            ^^^^^^^^^^^^^^^^^^^^^^^^^^^^^
  File "/home/kayprogrammer/Documents/Projects/Django/socialnet-v2/env/lib/python3.11/site-packages/django/template/base.py", line 890, in _resolve_lookup
    current = getattr(current, bit)
              ^^^^^^^^^^^^^^^^^^^^^
  File "/home/kayprogrammer/Documents/Projects/Django/socialnet-v2/env/lib/python3.11/site-packages/debug_toolbar/panels/__init__.py", line 103, in content
    return render_to_string(self.template, self.get_stats())
           ^^^^^^^^^^^^^^^^^^^^^^^^^^^^^^^^^^^^^^^^^^^^^^^^^
  File "/home/kayprogrammer/Documents/Projects/Django/socialnet-v2/env/lib/python3.11/site-packages/django/template/loader.py", line 62, in render_to_string
    return template.render(context, request)
           ^^^^^^^^^^^^^^^^^^^^^^^^^^^^^^^^^
  File "/home/kayprogrammer/Documents/Projects/Django/socialnet-v2/env/lib/python3.11/site-packages/django/template/backends/django.py", line 61, in render
    return self.template.render(context)
           ^^^^^^^^^^^^^^^^^^^^^^^^^^^^^
  File "/home/kayprogrammer/Documents/Projects/Django/socialnet-v2/env/lib/python3.11/site-packages/django/template/base.py", line 175, in render
    return self._render(context)
           ^^^^^^^^^^^^^^^^^^^^^
  File "/home/kayprogrammer/Documents/Projects/Django/socialnet-v2/env/lib/python3.11/site-packages/django/test/utils.py", line 112, in instrumented_test_render
    return self.nodelist.render(context)
           ^^^^^^^^^^^^^^^^^^^^^^^^^^^^^
  File "/home/kayprogrammer/Documents/Projects/Django/socialnet-v2/env/lib/python3.11/site-packages/django/template/base.py", line 1005, in render
    return SafeString("".join([node.render_annotated(context) for node in self]))
                              ^^^^^^^^^^^^^^^^^^^^^^^^^^^^^^^^^^^^^^^^^^^^^^^^^
  File "/home/kayprogrammer/Documents/Projects/Django/socialnet-v2/env/lib/python3.11/site-packages/django/template/base.py", line 1005, in <listcomp>
    return SafeString("".join([node.render_annotated(context) for node in self]))
                               ^^^^^^^^^^^^^^^^^^^^^^^^^^^^^^
  File "/home/kayprogrammer/Documents/Projects/Django/socialnet-v2/env/lib/python3.11/site-packages/django/template/base.py", line 966, in render_annotated
    return self.render(context)
           ^^^^^^^^^^^^^^^^^^^^
  File "/home/kayprogrammer/Documents/Projects/Django/socialnet-v2/env/lib/python3.11/site-packages/django/template/defaulttags.py", line 321, in render
    return nodelist.render(context)
           ^^^^^^^^^^^^^^^^^^^^^^^^
  File "/home/kayprogrammer/Documents/Projects/Django/socialnet-v2/env/lib/python3.11/site-packages/django/template/base.py", line 1005, in render
    return SafeString("".join([node.render_annotated(context) for node in self]))
                              ^^^^^^^^^^^^^^^^^^^^^^^^^^^^^^^^^^^^^^^^^^^^^^^^^
  File "/home/kayprogrammer/Documents/Projects/Django/socialnet-v2/env/lib/python3.11/site-packages/django/template/base.py", line 1005, in <listcomp>
    return SafeString("".join([node.render_annotated(context) for node in self]))
                               ^^^^^^^^^^^^^^^^^^^^^^^^^^^^^^
  File "/home/kayprogrammer/Documents/Projects/Django/socialnet-v2/env/lib/python3.11/site-packages/django/template/base.py", line 966, in render_annotated
    return self.render(context)
           ^^^^^^^^^^^^^^^^^^^^
  File "/home/kayprogrammer/Documents/Projects/Django/socialnet-v2/env/lib/python3.11/site-packages/django/template/defaulttags.py", line 238, in render
    nodelist.append(node.render_annotated(context))
                    ^^^^^^^^^^^^^^^^^^^^^^^^^^^^^^
  File "/home/kayprogrammer/Documents/Projects/Django/socialnet-v2/env/lib/python3.11/site-packages/django/template/base.py", line 966, in render_annotated
    return self.render(context)
           ^^^^^^^^^^^^^^^^^^^^
  File "/home/kayprogrammer/Documents/Projects/Django/socialnet-v2/env/lib/python3.11/site-packages/django/template/defaulttags.py", line 471, in render
    url = reverse(view_name, args=args, kwargs=kwargs, current_app=current_app)
          ^^^^^^^^^^^^^^^^^^^^^^^^^^^^^^^^^^^^^^^^^^^^^^^^^^^^^^^^^^^^^^^^^^^^^
  File "/home/kayprogrammer/Documents/Projects/Django/socialnet-v2/env/lib/python3.11/site-packages/django/urls/base.py", line 82, in reverse
    raise NoReverseMatch("%s is not a registered namespace" % key)
django.urls.exceptions.NoReverseMatch: 'djdt' is not a registered namespace
2023-10-10 21:27:59,639 django.request ERROR    Internal Server Error: /favicon.ico
Traceback (most recent call last):
  File "/home/kayprogrammer/Documents/Projects/Django/socialnet-v2/env/lib/python3.11/site-packages/django/template/base.py", line 880, in _resolve_lookup
    current = current[bit]
              ~~~~~~~^^^^^
TypeError: 'TemplatesPanel' object is not subscriptable

During handling of the above exception, another exception occurred:

Traceback (most recent call last):
  File "/home/kayprogrammer/Documents/Projects/Django/socialnet-v2/env/lib/python3.11/site-packages/django/urls/base.py", line 71, in reverse
    extra, resolver = resolver.namespace_dict[ns]
                      ~~~~~~~~~~~~~~~~~~~~~~~^^^^
KeyError: 'djdt'

During handling of the above exception, another exception occurred:

Traceback (most recent call last):
  File "/home/kayprogrammer/Documents/Projects/Django/socialnet-v2/env/lib/python3.11/site-packages/django/core/handlers/exception.py", line 55, in inner
    response = get_response(request)
               ^^^^^^^^^^^^^^^^^^^^^
  File "/home/kayprogrammer/Documents/Projects/Django/socialnet-v2/env/lib/python3.11/site-packages/debug_toolbar/middleware.py", line 74, in __call__
    rendered = toolbar.render_toolbar()
               ^^^^^^^^^^^^^^^^^^^^^^^^
  File "/home/kayprogrammer/Documents/Projects/Django/socialnet-v2/env/lib/python3.11/site-packages/debug_toolbar/toolbar.py", line 82, in render_toolbar
    return render_to_string("debug_toolbar/base.html", context)
           ^^^^^^^^^^^^^^^^^^^^^^^^^^^^^^^^^^^^^^^^^^^^^^^^^^^^
  File "/home/kayprogrammer/Documents/Projects/Django/socialnet-v2/env/lib/python3.11/site-packages/django/template/loader.py", line 62, in render_to_string
    return template.render(context, request)
           ^^^^^^^^^^^^^^^^^^^^^^^^^^^^^^^^^
  File "/home/kayprogrammer/Documents/Projects/Django/socialnet-v2/env/lib/python3.11/site-packages/django/template/backends/django.py", line 61, in render
    return self.template.render(context)
           ^^^^^^^^^^^^^^^^^^^^^^^^^^^^^
  File "/home/kayprogrammer/Documents/Projects/Django/socialnet-v2/env/lib/python3.11/site-packages/django/template/base.py", line 175, in render
    return self._render(context)
           ^^^^^^^^^^^^^^^^^^^^^
  File "/home/kayprogrammer/Documents/Projects/Django/socialnet-v2/env/lib/python3.11/site-packages/django/test/utils.py", line 112, in instrumented_test_render
    return self.nodelist.render(context)
           ^^^^^^^^^^^^^^^^^^^^^^^^^^^^^
  File "/home/kayprogrammer/Documents/Projects/Django/socialnet-v2/env/lib/python3.11/site-packages/django/template/base.py", line 1005, in render
    return SafeString("".join([node.render_annotated(context) for node in self]))
                              ^^^^^^^^^^^^^^^^^^^^^^^^^^^^^^^^^^^^^^^^^^^^^^^^^
  File "/home/kayprogrammer/Documents/Projects/Django/socialnet-v2/env/lib/python3.11/site-packages/django/template/base.py", line 1005, in <listcomp>
    return SafeString("".join([node.render_annotated(context) for node in self]))
                               ^^^^^^^^^^^^^^^^^^^^^^^^^^^^^^
  File "/home/kayprogrammer/Documents/Projects/Django/socialnet-v2/env/lib/python3.11/site-packages/django/template/base.py", line 966, in render_annotated
    return self.render(context)
           ^^^^^^^^^^^^^^^^^^^^
  File "/home/kayprogrammer/Documents/Projects/Django/socialnet-v2/env/lib/python3.11/site-packages/django/template/defaulttags.py", line 238, in render
    nodelist.append(node.render_annotated(context))
                    ^^^^^^^^^^^^^^^^^^^^^^^^^^^^^^
  File "/home/kayprogrammer/Documents/Projects/Django/socialnet-v2/env/lib/python3.11/site-packages/django/template/base.py", line 966, in render_annotated
    return self.render(context)
           ^^^^^^^^^^^^^^^^^^^^
  File "/home/kayprogrammer/Documents/Projects/Django/socialnet-v2/env/lib/python3.11/site-packages/django/template/loader_tags.py", line 208, in render
    return template.render(context)
           ^^^^^^^^^^^^^^^^^^^^^^^^
  File "/home/kayprogrammer/Documents/Projects/Django/socialnet-v2/env/lib/python3.11/site-packages/django/template/base.py", line 177, in render
    return self._render(context)
           ^^^^^^^^^^^^^^^^^^^^^
  File "/home/kayprogrammer/Documents/Projects/Django/socialnet-v2/env/lib/python3.11/site-packages/django/test/utils.py", line 112, in instrumented_test_render
    return self.nodelist.render(context)
           ^^^^^^^^^^^^^^^^^^^^^^^^^^^^^
  File "/home/kayprogrammer/Documents/Projects/Django/socialnet-v2/env/lib/python3.11/site-packages/django/template/base.py", line 1005, in render
    return SafeString("".join([node.render_annotated(context) for node in self]))
                              ^^^^^^^^^^^^^^^^^^^^^^^^^^^^^^^^^^^^^^^^^^^^^^^^^
  File "/home/kayprogrammer/Documents/Projects/Django/socialnet-v2/env/lib/python3.11/site-packages/django/template/base.py", line 1005, in <listcomp>
    return SafeString("".join([node.render_annotated(context) for node in self]))
                               ^^^^^^^^^^^^^^^^^^^^^^^^^^^^^^
  File "/home/kayprogrammer/Documents/Projects/Django/socialnet-v2/env/lib/python3.11/site-packages/django/template/base.py", line 966, in render_annotated
    return self.render(context)
           ^^^^^^^^^^^^^^^^^^^^
  File "/home/kayprogrammer/Documents/Projects/Django/socialnet-v2/env/lib/python3.11/site-packages/django/template/defaulttags.py", line 321, in render
    return nodelist.render(context)
           ^^^^^^^^^^^^^^^^^^^^^^^^
  File "/home/kayprogrammer/Documents/Projects/Django/socialnet-v2/env/lib/python3.11/site-packages/django/template/base.py", line 1005, in render
    return SafeString("".join([node.render_annotated(context) for node in self]))
                              ^^^^^^^^^^^^^^^^^^^^^^^^^^^^^^^^^^^^^^^^^^^^^^^^^
  File "/home/kayprogrammer/Documents/Projects/Django/socialnet-v2/env/lib/python3.11/site-packages/django/template/base.py", line 1005, in <listcomp>
    return SafeString("".join([node.render_annotated(context) for node in self]))
                               ^^^^^^^^^^^^^^^^^^^^^^^^^^^^^^
  File "/home/kayprogrammer/Documents/Projects/Django/socialnet-v2/env/lib/python3.11/site-packages/django/template/base.py", line 966, in render_annotated
    return self.render(context)
           ^^^^^^^^^^^^^^^^^^^^
  File "/home/kayprogrammer/Documents/Projects/Django/socialnet-v2/env/lib/python3.11/site-packages/django/template/defaulttags.py", line 321, in render
    return nodelist.render(context)
           ^^^^^^^^^^^^^^^^^^^^^^^^
  File "/home/kayprogrammer/Documents/Projects/Django/socialnet-v2/env/lib/python3.11/site-packages/django/template/base.py", line 1005, in render
    return SafeString("".join([node.render_annotated(context) for node in self]))
                              ^^^^^^^^^^^^^^^^^^^^^^^^^^^^^^^^^^^^^^^^^^^^^^^^^
  File "/home/kayprogrammer/Documents/Projects/Django/socialnet-v2/env/lib/python3.11/site-packages/django/template/base.py", line 1005, in <listcomp>
    return SafeString("".join([node.render_annotated(context) for node in self]))
                               ^^^^^^^^^^^^^^^^^^^^^^^^^^^^^^
  File "/home/kayprogrammer/Documents/Projects/Django/socialnet-v2/env/lib/python3.11/site-packages/django/template/base.py", line 966, in render_annotated
    return self.render(context)
           ^^^^^^^^^^^^^^^^^^^^
  File "/home/kayprogrammer/Documents/Projects/Django/socialnet-v2/env/lib/python3.11/site-packages/django/template/base.py", line 1064, in render
    output = self.filter_expression.resolve(context)
             ^^^^^^^^^^^^^^^^^^^^^^^^^^^^^^^^^^^^^^^
  File "/home/kayprogrammer/Documents/Projects/Django/socialnet-v2/env/lib/python3.11/site-packages/django/template/base.py", line 715, in resolve
    obj = self.var.resolve(context)
          ^^^^^^^^^^^^^^^^^^^^^^^^^
  File "/home/kayprogrammer/Documents/Projects/Django/socialnet-v2/env/lib/python3.11/site-packages/django/template/base.py", line 847, in resolve
    value = self._resolve_lookup(context)
            ^^^^^^^^^^^^^^^^^^^^^^^^^^^^^
  File "/home/kayprogrammer/Documents/Projects/Django/socialnet-v2/env/lib/python3.11/site-packages/django/template/base.py", line 890, in _resolve_lookup
    current = getattr(current, bit)
              ^^^^^^^^^^^^^^^^^^^^^
  File "/home/kayprogrammer/Documents/Projects/Django/socialnet-v2/env/lib/python3.11/site-packages/debug_toolbar/panels/__init__.py", line 103, in content
    return render_to_string(self.template, self.get_stats())
           ^^^^^^^^^^^^^^^^^^^^^^^^^^^^^^^^^^^^^^^^^^^^^^^^^
  File "/home/kayprogrammer/Documents/Projects/Django/socialnet-v2/env/lib/python3.11/site-packages/django/template/loader.py", line 62, in render_to_string
    return template.render(context, request)
           ^^^^^^^^^^^^^^^^^^^^^^^^^^^^^^^^^
  File "/home/kayprogrammer/Documents/Projects/Django/socialnet-v2/env/lib/python3.11/site-packages/django/template/backends/django.py", line 61, in render
    return self.template.render(context)
           ^^^^^^^^^^^^^^^^^^^^^^^^^^^^^
  File "/home/kayprogrammer/Documents/Projects/Django/socialnet-v2/env/lib/python3.11/site-packages/django/template/base.py", line 175, in render
    return self._render(context)
           ^^^^^^^^^^^^^^^^^^^^^
  File "/home/kayprogrammer/Documents/Projects/Django/socialnet-v2/env/lib/python3.11/site-packages/django/test/utils.py", line 112, in instrumented_test_render
    return self.nodelist.render(context)
           ^^^^^^^^^^^^^^^^^^^^^^^^^^^^^
  File "/home/kayprogrammer/Documents/Projects/Django/socialnet-v2/env/lib/python3.11/site-packages/django/template/base.py", line 1005, in render
    return SafeString("".join([node.render_annotated(context) for node in self]))
                              ^^^^^^^^^^^^^^^^^^^^^^^^^^^^^^^^^^^^^^^^^^^^^^^^^
  File "/home/kayprogrammer/Documents/Projects/Django/socialnet-v2/env/lib/python3.11/site-packages/django/template/base.py", line 1005, in <listcomp>
    return SafeString("".join([node.render_annotated(context) for node in self]))
                               ^^^^^^^^^^^^^^^^^^^^^^^^^^^^^^
  File "/home/kayprogrammer/Documents/Projects/Django/socialnet-v2/env/lib/python3.11/site-packages/django/template/base.py", line 966, in render_annotated
    return self.render(context)
           ^^^^^^^^^^^^^^^^^^^^
  File "/home/kayprogrammer/Documents/Projects/Django/socialnet-v2/env/lib/python3.11/site-packages/django/template/defaulttags.py", line 321, in render
    return nodelist.render(context)
           ^^^^^^^^^^^^^^^^^^^^^^^^
  File "/home/kayprogrammer/Documents/Projects/Django/socialnet-v2/env/lib/python3.11/site-packages/django/template/base.py", line 1005, in render
    return SafeString("".join([node.render_annotated(context) for node in self]))
                              ^^^^^^^^^^^^^^^^^^^^^^^^^^^^^^^^^^^^^^^^^^^^^^^^^
  File "/home/kayprogrammer/Documents/Projects/Django/socialnet-v2/env/lib/python3.11/site-packages/django/template/base.py", line 1005, in <listcomp>
    return SafeString("".join([node.render_annotated(context) for node in self]))
                               ^^^^^^^^^^^^^^^^^^^^^^^^^^^^^^
  File "/home/kayprogrammer/Documents/Projects/Django/socialnet-v2/env/lib/python3.11/site-packages/django/template/base.py", line 966, in render_annotated
    return self.render(context)
           ^^^^^^^^^^^^^^^^^^^^
  File "/home/kayprogrammer/Documents/Projects/Django/socialnet-v2/env/lib/python3.11/site-packages/django/template/defaulttags.py", line 238, in render
    nodelist.append(node.render_annotated(context))
                    ^^^^^^^^^^^^^^^^^^^^^^^^^^^^^^
  File "/home/kayprogrammer/Documents/Projects/Django/socialnet-v2/env/lib/python3.11/site-packages/django/template/base.py", line 966, in render_annotated
    return self.render(context)
           ^^^^^^^^^^^^^^^^^^^^
  File "/home/kayprogrammer/Documents/Projects/Django/socialnet-v2/env/lib/python3.11/site-packages/django/template/defaulttags.py", line 471, in render
    url = reverse(view_name, args=args, kwargs=kwargs, current_app=current_app)
          ^^^^^^^^^^^^^^^^^^^^^^^^^^^^^^^^^^^^^^^^^^^^^^^^^^^^^^^^^^^^^^^^^^^^^
  File "/home/kayprogrammer/Documents/Projects/Django/socialnet-v2/env/lib/python3.11/site-packages/django/urls/base.py", line 82, in reverse
    raise NoReverseMatch("%s is not a registered namespace" % key)
django.urls.exceptions.NoReverseMatch: 'djdt' is not a registered namespace
2023-10-10 21:39:35,582 django.request WARNING  Not Found: /
2023-10-10 21:39:36,139 django.request WARNING  Not Found: /favicon.ico
2023-10-10 21:42:22,990 django.request WARNING  Not Found: /
2023-10-10 21:42:24,617 django.request WARNING  Not Found: /
2023-10-10 21:45:02,846 django.request WARNING  Not Found: /static/media/banner2-icon3.png
2023-10-10 21:45:03,455 django.request WARNING  Not Found: /static/media/logo.png
2023-10-10 21:45:07,750 jazzmin.utils WARNING  listings not found when generating links
2023-10-10 21:45:07,754 jazzmin.templatetags.jazzmin WARNING  avatar field must be an ImageField/URLField on the user model, or a callable
2023-10-10 21:45:08,441 django.request WARNING  Not Found: /static/media/banner2-icon3.png
2023-10-10 21:45:13,709 jazzmin.utils WARNING  listings not found when generating links
2023-10-10 21:45:13,711 jazzmin.templatetags.jazzmin WARNING  avatar field must be an ImageField/URLField on the user model, or a callable
2023-10-10 21:45:14,684 django.request WARNING  Not Found: /static/media/banner2-icon3.png
2023-10-10 21:45:38,410 cities_light INFO     Creating /home/kayprogrammer/Documents/Projects/Django/socialnet-v2/env/lib/python3.11/site-packages/cities_light/data
2023-10-10 21:45:39,023 cities_light INFO     Downloading http://download.geonames.org/export/dump/countryInfo.txt into /home/kayprogrammer/Documents/Projects/Django/socialnet-v2/env/lib/python3.11/site-packages/cities_light/data/countryInfo.txt
2023-10-10 21:45:39,778 cities_light INFO     Forced import of countryInfo.txt because data do not seem to have installed successfuly yet, note that this is equivalent to --force-import-all.
2023-10-10 21:45:39,778 cities_light INFO     Importing countryInfo.txt
2023-10-10 21:45:43,631 cities_light INFO     Downloading http://download.geonames.org/export/dump/admin1CodesASCII.txt into /home/kayprogrammer/Documents/Projects/Django/socialnet-v2/env/lib/python3.11/site-packages/cities_light/data/admin1CodesASCII.txt
2023-10-10 21:45:44,693 cities_light INFO     Forced import of admin1CodesASCII.txt because data do not seem to have installed successfuly yet, note that this is equivalent to --force-import-all.
2023-10-10 21:45:44,693 cities_light INFO     Importing admin1CodesASCII.txt
